<?xml version="1.0" encoding="UTF-8"?>
<testng-results ignored="0" total="3" passed="2" failed="1" skipped="0">
  <reporter-output>
  </reporter-output>
  <suite started-at="2025-04-02T23:36:42 IST" name="Default suite" finished-at="2025-04-02T23:37:06 IST" duration-ms="23348">
    <groups>
    </groups>
    <test started-at="2025-04-02T23:36:42 IST" name="Default test" finished-at="2025-04-02T23:37:06 IST" duration-ms="23348">
      <class name="File_Sharing">
        <test-method is-config="true" signature="setup()[pri:0, instance:File_Sharing@75437611]" started-at="2025-04-02T23:36:42 IST" name="setup" finished-at="2025-04-02T23:36:55 IST" duration-ms="12106" status="PASS">
          <reporter-output>
          </reporter-output>
        </test-method> <!-- setup -->
        <test-method signature="signUp()[pri:1, instance:File_Sharing@75437611]" started-at="2025-04-02T23:36:55 IST" name="signUp" finished-at="2025-04-02T23:36:57 IST" duration-ms="2514" status="PASS">
          <reporter-output>
          </reporter-output>
        </test-method> <!-- signUp -->
        <test-method signature="login()[pri:2, instance:File_Sharing@75437611]" started-at="2025-04-02T23:36:57 IST" name="login" finished-at="2025-04-02T23:37:03 IST" duration-ms="5695" status="PASS">
          <reporter-output>
          </reporter-output>
        </test-method> <!-- login -->
        <test-method signature="selectAllFiles()[pri:3, instance:File_Sharing@75437611]" started-at="2025-04-02T23:37:03 IST" name="selectAllFiles" finished-at="2025-04-02T23:37:06 IST" duration-ms="2833" status="FAIL">
          <exception class="org.openqa.selenium.ElementClickInterceptedException">
            <message>
              <![CDATA[element click intercepted: Element <button type="button" class="chakra-button chakra-menu__menu-button css-1qeblgw" id="menu-button-:rc:" aria-expanded="false" aria-haspopup="menu" aria-controls="menu-list-:rc:">...</button> is not clickable at point (1472, 39). Other element would receive the click: <div data-status="success" id="toast-1-title" class="chakra-alert__title css-tidvy5">...</div>
  (Session info: chrome=134.0.6998.179)
Build info: version: '4.25.0', revision: '8a8aea2337'
System info: os.name: 'Windows 11', os.arch: 'amd64', os.version: '10.0', java.version: '21.0.3'
Driver info: org.openqa.selenium.chrome.ChromeDriver
Command: [9454d1ae5f5d99cae6341658ed7ebe15, clickElement {id=f.75C6A152F0C8C4067672E705D73C06D7.d.B7B669616D20F2DE524ADBA05657542E.e.38}]
Capabilities {acceptInsecureCerts: false, browserName: chrome, browserVersion: 134.0.6998.179, chrome: {chromedriverVersion: 134.0.6998.165 (fd886e2cb29..., userDataDir: C:\Users\PAVAN\AppData\Loca...}, fedcm:accounts: true, goog:chromeOptions: {debuggerAddress: localhost:57475}, networkConnectionEnabled: false, pageLoadStrategy: normal, platformName: windows, proxy: Proxy(), se:cdp: ws://localhost:57475/devtoo..., se:cdpVersion: 134.0.6998.179, setWindowRect: true, strictFileInteractability: false, timeouts: {implicit: 0, pageLoad: 300000, script: 30000}, unhandledPromptBehavior: dismiss and notify, webauthn:extension:credBlob: true, webauthn:extension:largeBlob: true, webauthn:extension:minPinLength: true, webauthn:extension:prf: true, webauthn:virtualAuthenticators: true}
Element: [[ChromeDriver: chrome on windows (9454d1ae5f5d99cae6341658ed7ebe15)] -> xpath: //*[contains(@aria-controls, 'menu-list')]]
Session ID: 9454d1ae5f5d99cae6341658ed7ebe15]]>
            </message>
            <full-stacktrace>
              <![CDATA[org.openqa.selenium.ElementClickInterceptedException: element click intercepted: Element <button type="button" class="chakra-button chakra-menu__menu-button css-1qeblgw" id="menu-button-:rc:" aria-expanded="false" aria-haspopup="menu" aria-controls="menu-list-:rc:">...</button> is not clickable at point (1472, 39). Other element would receive the click: <div data-status="success" id="toast-1-title" class="chakra-alert__title css-tidvy5">...</div>
  (Session info: chrome=134.0.6998.179)
Build info: version: '4.25.0', revision: '8a8aea2337'
System info: os.name: 'Windows 11', os.arch: 'amd64', os.version: '10.0', java.version: '21.0.3'
Driver info: org.openqa.selenium.chrome.ChromeDriver
Command: [9454d1ae5f5d99cae6341658ed7ebe15, clickElement {id=f.75C6A152F0C8C4067672E705D73C06D7.d.B7B669616D20F2DE524ADBA05657542E.e.38}]
Capabilities {acceptInsecureCerts: false, browserName: chrome, browserVersion: 134.0.6998.179, chrome: {chromedriverVersion: 134.0.6998.165 (fd886e2cb29..., userDataDir: C:\Users\PAVAN\AppData\Loca...}, fedcm:accounts: true, goog:chromeOptions: {debuggerAddress: localhost:57475}, networkConnectionEnabled: false, pageLoadStrategy: normal, platformName: windows, proxy: Proxy(), se:cdp: ws://localhost:57475/devtoo..., se:cdpVersion: 134.0.6998.179, setWindowRect: true, strictFileInteractability: false, timeouts: {implicit: 0, pageLoad: 300000, script: 30000}, unhandledPromptBehavior: dismiss and notify, webauthn:extension:credBlob: true, webauthn:extension:largeBlob: true, webauthn:extension:minPinLength: true, webauthn:extension:prf: true, webauthn:virtualAuthenticators: true}
Element: [[ChromeDriver: chrome on windows (9454d1ae5f5d99cae6341658ed7ebe15)] -> xpath: //*[contains(@aria-controls, 'menu-list')]]
Session ID: 9454d1ae5f5d99cae6341658ed7ebe15
at java.base/jdk.internal.reflect.DirectConstructorHandleAccessor.newInstance(DirectConstructorHandleAccessor.java:62)
at java.base/java.lang.reflect.Constructor.newInstanceWithCaller(Constructor.java:502)
at java.base/java.lang.reflect.Constructor.newInstance(Constructor.java:486)
at org.openqa.selenium.remote.ErrorCodec.decode(ErrorCodec.java:167)
at org.openqa.selenium.remote.codec.w3c.W3CHttpResponseCodec.decode(W3CHttpResponseCodec.java:138)
at org.openqa.selenium.remote.codec.w3c.W3CHttpResponseCodec.decode(W3CHttpResponseCodec.java:50)
at org.openqa.selenium.remote.HttpCommandExecutor.execute(HttpCommandExecutor.java:190)
at org.openqa.selenium.remote.service.DriverCommandExecutor.invokeExecute(DriverCommandExecutor.java:216)
at org.openqa.selenium.remote.service.DriverCommandExecutor.execute(DriverCommandExecutor.java:174)
at org.openqa.selenium.remote.RemoteWebDriver.execute(RemoteWebDriver.java:545)
at org.openqa.selenium.remote.RemoteWebElement.execute(RemoteWebElement.java:223)
at org.openqa.selenium.remote.RemoteWebElement.click(RemoteWebElement.java:76)
at File_Sharing.selectAllFiles(File_Sharing.java:61)
at java.base/jdk.internal.reflect.DirectMethodHandleAccessor.invoke(DirectMethodHandleAccessor.java:103)
at java.base/java.lang.reflect.Method.invoke(Method.java:580)
at org.testng.internal.invokers.MethodInvocationHelper.invokeMethod(MethodInvocationHelper.java:139)
at org.testng.internal.invokers.TestInvoker.invokeMethod(TestInvoker.java:677)
at org.testng.internal.invokers.TestInvoker.invokeTestMethod(TestInvoker.java:221)
at org.testng.internal.invokers.MethodRunner.runInSequence(MethodRunner.java:50)
at org.testng.internal.invokers.TestInvoker$MethodInvocationAgent.invoke(TestInvoker.java:969)
at org.testng.internal.invokers.TestInvoker.invokeTestMethods(TestInvoker.java:194)
at org.testng.internal.invokers.TestMethodWorker.invokeTestMethods(TestMethodWorker.java:148)
at org.testng.internal.invokers.TestMethodWorker.run(TestMethodWorker.java:128)
at java.base/java.util.ArrayList.forEach(ArrayList.java:1596)
at org.testng.TestRunner.privateRun(TestRunner.java:829)
at org.testng.TestRunner.run(TestRunner.java:602)
at org.testng.SuiteRunner.runTest(SuiteRunner.java:437)
at org.testng.SuiteRunner.runSequentially(SuiteRunner.java:431)
at org.testng.SuiteRunner.privateRun(SuiteRunner.java:391)
at org.testng.SuiteRunner.run(SuiteRunner.java:330)
at org.testng.SuiteRunnerWorker.runSuite(SuiteRunnerWorker.java:52)
at org.testng.SuiteRunnerWorker.run(SuiteRunnerWorker.java:95)
at org.testng.TestNG.runSuitesSequentially(TestNG.java:1256)
at org.testng.TestNG.runSuitesLocally(TestNG.java:1176)
at org.testng.TestNG.runSuites(TestNG.java:1099)
at org.testng.TestNG.run(TestNG.java:1067)
at org.testng.remote.AbstractRemoteTestNG.run(AbstractRemoteTestNG.java:115)
at org.testng.remote.RemoteTestNG.initAndRun(RemoteTestNG.java:293)
at org.testng.remote.RemoteTestNG.main(RemoteTestNG.java:91)
]]>
            </full-stacktrace>
          </exception> <!-- org.openqa.selenium.ElementClickInterceptedException -->
          <reporter-output>
          </reporter-output>
        </test-method> <!-- selectAllFiles -->
        <test-method is-config="true" signature="teardown()[pri:0, instance:File_Sharing@75437611]" started-at="2025-04-02T23:37:06 IST" name="teardown" finished-at="2025-04-02T23:37:06 IST" duration-ms="2" status="PASS">
          <reporter-output>
          </reporter-output>
        </test-method> <!-- teardown -->
      </class> <!-- File_Sharing -->
    </test> <!-- Default test -->
  </suite> <!-- Default suite -->
</testng-results>
