<?xml version="1.0" encoding="UTF-8"?>
<testng-results ignored="0" total="5" passed="5" failed="0" skipped="0">
  <reporter-output>
  </reporter-output>
  <suite started-at="2025-04-12T12:13:03 IST" name="Default suite" finished-at="2025-04-12T12:13:26 IST" duration-ms="22947">
    <groups>
    </groups>
    <test started-at="2025-04-12T12:13:03 IST" name="Default test" finished-at="2025-04-12T12:13:26 IST" duration-ms="22947">
      <class name="File_Sharing">
        <test-method is-config="true" signature="setup()[pri:0, instance:File_Sharing@1c5920df]" started-at="2025-04-12T12:13:03 IST" name="setup" finished-at="2025-04-12T12:13:14 IST" duration-ms="10899" status="PASS">
          <reporter-output>
          </reporter-output>
        </test-method> <!-- setup -->
        <test-method signature="signUp()[pri:1, instance:File_Sharing@1c5920df]" started-at="2025-04-12T12:13:14 IST" name="signUp" finished-at="2025-04-12T12:13:16 IST" duration-ms="1216" status="PASS">
          <reporter-output>
          </reporter-output>
        </test-method> <!-- signUp -->
        <test-method signature="login()[pri:2, instance:File_Sharing@1c5920df]" started-at="2025-04-12T12:13:16 IST" name="login" finished-at="2025-04-12T12:13:21 IST" duration-ms="5051" status="PASS">
          <reporter-output>
          </reporter-output>
        </test-method> <!-- login -->
        <test-method signature="clickupload()[pri:3, instance:File_Sharing@1c5920df]" started-at="2025-04-12T12:13:21 IST" name="clickupload" finished-at="2025-04-12T12:13:23 IST" duration-ms="2234" status="PASS">
          <reporter-output>
          </reporter-output>
        </test-method> <!-- clickupload -->
        <test-method signature="uploadfiles()[pri:4, instance:File_Sharing@1c5920df]" started-at="2025-04-12T12:13:23 IST" name="uploadfiles" finished-at="2025-04-12T12:13:24 IST" duration-ms="1566" status="PASS">
          <reporter-output>
          </reporter-output>
        </test-method> <!-- uploadfiles -->
        <test-method signature="logout()[pri:5, instance:File_Sharing@1c5920df]" started-at="2025-04-12T12:13:24 IST" name="logout" finished-at="2025-04-12T12:13:25 IST" duration-ms="691" status="PASS">
          <reporter-output>
          </reporter-output>
        </test-method> <!-- logout -->
        <test-method is-config="true" signature="tearDown()[pri:0, instance:File_Sharing@1c5920df]" started-at="2025-04-12T12:13:25 IST" name="tearDown" finished-at="2025-04-12T12:13:26 IST" duration-ms="1140" status="PASS">
          <reporter-output>
          </reporter-output>
        </test-method> <!-- tearDown -->
      </class> <!-- File_Sharing -->
    </test> <!-- Default test -->
  </suite> <!-- Default suite -->
</testng-results>
