<?xml version="1.0" encoding="UTF-8"?>
<!-- Generated by org.testng.reporters.JUnitXMLReporter -->
<testsuite ignored="0" hostname="LAPTOP-7723JJSR" failures="0" tests="5" name="Default test" time="22.947" errors="0" timestamp="2025-04-12T12:13:26 IST">
  <testcase classname="File_Sharing" name="signUp" time="1.216"/>
  <testcase classname="File_Sharing" name="login" time="5.051"/>
  <testcase classname="File_Sharing" name="clickupload" time="2.234"/>
  <testcase classname="File_Sharing" name="uploadfiles" time="1.566"/>
  <testcase classname="File_Sharing" name="logout" time="0.691"/>
</testsuite> <!-- Default test -->
